<?xml version="1.0" encoding="UTF-8"?>
<!-- Generated by org.testng.reporters.JUnitReportReporter -->
<testsuite skipped="0" hostname="MOMDADGIFT-PC" name="com.qa.tests.WeatherInfoTests" tests="3" failures="0" timestamp="07 Apr 2018 05:07:49 GMT" time="6.124" errors="0">
  <testcase name="getWeatherDetailsWithCorrectCityNameTest" time="0.989" classname="com.qa.tests.WeatherInfoTests"/>
  <testcase name="getWeatherDetailsWithCorrectCityNameTest" time="1.249" classname="com.qa.tests.WeatherInfoTests"/>
  <testcase name="getWeatherDetailsWithCorrectCityNameTest" time="3.886" classname="com.qa.tests.WeatherInfoTests"/>
</testsuite> <!-- com.qa.tests.WeatherInfoTests -->
